[debug] [2021-02-08T15:30:19.750Z] ----------------------------------------------------------------------
[debug] [2021-02-08T15:30:19.752Z] Command:       C:\Program Files\nodejs\node.exe C:\Users\No One\AppData\Roaming\npm\node_modules\firebase-tools\lib\bin\firebase.js deploy --only functions
[debug] [2021-02-08T15:30:19.752Z] CLI Version:   9.3.0
[debug] [2021-02-08T15:30:19.752Z] Platform:      win32
[debug] [2021-02-08T15:30:19.752Z] Node Version:  v12.18.3
[debug] [2021-02-08T15:30:19.753Z] Time:          Mon Feb 08 2021 16:30:19 GMT+0100 (Central European Standard Time)
[debug] [2021-02-08T15:30:19.753Z] ----------------------------------------------------------------------
[debug] [2021-02-08T15:30:19.753Z] 
[debug] [2021-02-08T15:30:19.760Z] > command requires scopes: ["email","openid","https://www.googleapis.com/auth/cloudplatformprojects.readonly","https://www.googleapis.com/auth/firebase","https://www.googleapis.com/auth/cloud-platform"]
[debug] [2021-02-08T15:30:19.760Z] > authorizing via signed-in user
[debug] [2021-02-08T15:30:19.760Z] [iam] checking project helloworld-sf for permissions ["cloudfunctions.functions.create","cloudfunctions.functions.delete","cloudfunctions.functions.get","cloudfunctions.functions.list","cloudfunctions.functions.update","cloudfunctions.operations.get","firebase.projects.get"]
[debug] [2021-02-08T15:30:19.763Z] >>> HTTP REQUEST POST https://cloudresourcemanager.googleapis.com/v1/projects/helloworld-sf:testIamPermissions  
 {"permissions":["cloudfunctions.functions.create","cloudfunctions.functions.delete","cloudfunctions.functions.get","cloudfunctions.functions.list","cloudfunctions.functions.update","cloudfunctions.operations.get","firebase.projects.get"]}
[debug] [2021-02-08T15:30:20.897Z] <<< HTTP RESPONSE 200 {"content-type":"application/json; charset=UTF-8","vary":"X-Origin, Referer, Origin,Accept-Encoding","date":"Mon, 08 Feb 2021 15:30:19 GMT","server":"ESF","cache-control":"private","x-xss-protection":"0","x-frame-options":"SAMEORIGIN","x-content-type-options":"nosniff","server-timing":"gfet4t7; dur=568","alt-svc":"h3-29=\":443\"; ma=2592000,h3-T051=\":443\"; ma=2592000,h3-Q050=\":443\"; ma=2592000,h3-Q046=\":443\"; ma=2592000,h3-Q043=\":443\"; ma=2592000,quic=\":443\"; ma=2592000; v=\"46,43\"","accept-ranges":"none","transfer-encoding":"chunked"}
[debug] [2021-02-08T15:30:20.898Z] >>> HTTP REQUEST POST https://iam.googleapis.com/v1/projects/helloworld-sf/serviceAccounts/helloworld-sf@appspot.gserviceaccount.com:testIamPermissions  
 {"permissions":["iam.serviceAccounts.actAs"]}
[debug] [2021-02-08T15:30:21.714Z] <<< HTTP RESPONSE 200 {"content-type":"application/json; charset=UTF-8","vary":"X-Origin, Referer, Origin,Accept-Encoding","date":"Mon, 08 Feb 2021 15:30:20 GMT","server":"ESF","cache-control":"private","x-xss-protection":"0","x-frame-options":"SAMEORIGIN","x-content-type-options":"nosniff","alt-svc":"h3-29=\":443\"; ma=2592000,h3-T051=\":443\"; ma=2592000,h3-Q050=\":443\"; ma=2592000,h3-Q046=\":443\"; ma=2592000,h3-Q043=\":443\"; ma=2592000,quic=\":443\"; ma=2592000; v=\"46,43\"","accept-ranges":"none","transfer-encoding":"chunked"}
[info] 
[info] === Deploying to 'helloworld-sf'...
[info] 
[info] i  deploying functions 
[info] Running command: npm --prefix "$RESOURCE_DIR" run lint
